<?xml version="1.0" encoding="UTF-8"?>
<testsuite xmlns:xsi="http://www.w3.org/2001/XMLSchema-instance" xsi:noNamespaceSchemaLocation="https://maven.apache.org/surefire/maven-surefire-plugin/xsd/surefire-test-report.xsd" version="3.0.1" name="com.dylanledermann.app.CachedFileExplorerTests" time="0.444" tests="8" errors="0" skipped="0" failures="0">
  <properties>
[...]
</properties>
  <testcase name="testReadFileCacheHits" classname="com.dylanledermann.app.CachedFileExplorerTests" time="0.019">
    <system-out><![CDATA[============ Generic Cache Tests ============
]]></system-out>
  </testcase>
  <testcase name="testPerformanceRepeatedRead" classname="com.dylanledermann.app.CachedFileExplorerTests" time="0.013">
    <system-out><![CDATA[Performance: repeated read 20 times = 0.473567 ms
Performance: bytes read total = 200000 bytes
]]></system-out>
  </testcase>
  <testcase name="testPerformanceFolderListingAndSizeRepeated" classname="com.dylanledermann.app.CachedFileExplorerTests" time="0.072">
    <system-out><![CDATA[Performance: listFolder 5 times = 5.627374 ms
Performance: getFolderSize 5 times = 4.716124 ms
]]></system-out>
  </testcase>
  <testcase name="testLargeDirectoryCacheStress" classname="com.dylanledermann.app.CachedFileExplorerTests" time="0.214">
    <system-out><![CDATA[Stress: first pass directory listings = 61.819097 ms
Stress: second pass directory listings = 0.961832 ms
]]></system-out>
  </testcase>
  <testcase name="testDirectoryListingCacheHits" classname="com.dylanledermann.app.CachedFileExplorerTests" time="0.019"/>
  <testcase name="testCacheInvalidationAfterDelete" classname="com.dylanledermann.app.CachedFileExplorerTests" time="0.015"/>
  <testcase name="testPerformanceFolderListingAndSize" classname="com.dylanledermann.app.CachedFileExplorerTests" time="0.048">
    <system-out><![CDATA[Performance: listFolder time = 6.444342 ms
Performance: getFolderSize time = 1.8849 ms
Performance: total storage = 102400 bytes
]]></system-out>
  </testcase>
  <testcase name="testDeepNestedFolderSizePerformance" classname="com.dylanledermann.app.CachedFileExplorerTests" time="0.022">
    <system-out><![CDATA[Stress: deep nested getFolderSize time = 3.127415 ms for depth 40
]]></system-out>
  </testcase>
</testsuite>