<?xml version="1.0" encoding="UTF-8"?>
<testsuite xmlns:xsi="http://www.w3.org/2001/XMLSchema-instance" xsi:noNamespaceSchemaLocation="https://maven.apache.org/surefire/maven-surefire-plugin/xsd/surefire-test-report.xsd" version="3.0.1" name="com.dylanledermann.app.CachedFileExplorerTests" time="1.599" tests="16" errors="0" skipped="0" failures="0">
  <properties>
[...]
</properties>
  <testcase name="testPerformanceRepeatedRead" classname="com.dylanledermann.app.CachedFileExplorerTests" time="0.127">
    <system-out><![CDATA[============ Generic Cache Tests ============
Performance: repeated read 20 times = 8.169487 ms
Performance: bytes read total = 200000 bytes
]]></system-out>
  </testcase>
  <testcase name="testPerformanceFolderListingAndSizeRepeated" classname="com.dylanledermann.app.CachedFileExplorerTests" time="0.189">
    <system-out><![CDATA[Performance: listFolder 5 times = 41.89846 ms
Performance: getFolderSize 5 times = 15.613025 ms
]]></system-out>
  </testcase>
  <testcase name="testLargeDirectoryCacheStress" classname="com.dylanledermann.app.CachedFileExplorerTests" time="0.231">
    <system-out><![CDATA[Stress: first pass directory listings = 66.091206 ms
Stress: second pass directory listings = 2.279957 ms
]]></system-out>
  </testcase>
  <testcase name="testListFolderEmptyDirectory" classname="com.dylanledermann.app.CachedFileExplorerTests" time="0.012"/>
  <testcase name="testRepeatedCacheHitsAndSpeed" classname="com.dylanledermann.app.CachedFileExplorerTests" time="0.182">
    <system-out><![CDATA[Performance: listing first pass = 62.316194 ms
Performance: listing second pass = 0.43163 ms
Performance: file read first series = 3.146754 ms
Performance: file read second series = 1.172374 ms
]]></system-out>
  </testcase>
  <testcase name="testThreadedConcurrentFileReads" classname="com.dylanledermann.app.CachedFileExplorerTests" time="0.149">
    <system-out><![CDATA[Performance: threaded concurrent reads with 8 threads = 62.112942 ms
]]></system-out>
  </testcase>
  <testcase name="testDeleteTarget" classname="com.dylanledermann.app.CachedFileExplorerTests" time="0.029"/>
  <testcase name="testPerformanceFolderListingAndSize" classname="com.dylanledermann.app.CachedFileExplorerTests" time="0.05">
    <system-out><![CDATA[Performance: listFolder time = 7.265576 ms
Performance: getFolderSize time = 6.836086 ms
Performance: total storage = 102400 bytes
]]></system-out>
  </testcase>
  <testcase name="testGetFolderSize" classname="com.dylanledermann.app.CachedFileExplorerTests" time="0.017"/>
  <testcase name="testReadFileAndVerifyTarget" classname="com.dylanledermann.app.CachedFileExplorerTests" time="0.148"/>
  <testcase name="testDeepNestedFolderSizePerformance" classname="com.dylanledermann.app.CachedFileExplorerTests" time="0.049">
    <system-out><![CDATA[Stress: deep nested getFolderSize time = 16.664026 ms for depth 40
]]></system-out>
  </testcase>
  <testcase name="testReadFileCacheHits" classname="com.dylanledermann.app.CachedFileExplorerTests" time="0.007"/>
  <testcase name="testEvictionHeavyCacheWorkload" classname="com.dylanledermann.app.CachedFileExplorerTests" time="0.289">
    <system-out><![CDATA[Generic cache eviction-heavy hot reads = 1.727806 ms
]]></system-out>
  </testcase>
  <testcase name="testRepeatedHitsShowGenericCacheImprovement" classname="com.dylanledermann.app.CachedFileExplorerTests" time="0.013">
    <system-out><![CDATA[Generic cache repeated hot reads = 0.659426 ms
]]></system-out>
  </testcase>
  <testcase name="testDirectoryListingCacheHits" classname="com.dylanledermann.app.CachedFileExplorerTests" time="0.005"/>
  <testcase name="testCacheInvalidationAfterDelete" classname="com.dylanledermann.app.CachedFileExplorerTests" time="0.003"/>
</testsuite>