<?xml version="1.0" encoding="UTF-8"?>
<testsuite xmlns:xsi="http://www.w3.org/2001/XMLSchema-instance" xsi:noNamespaceSchemaLocation="https://maven.apache.org/surefire/maven-surefire-plugin/xsd/surefire-test-report.xsd" version="3.0.1" name="com.dylanledermann.app.FileExplorerNoCacheTests" time="0.54" tests="11" errors="0" skipped="0" failures="0">
  <properties>
[...]
</properties>
  <testcase name="testPerformanceRepeatedRead" classname="com.dylanledermann.app.FileExplorerNoCacheTests" time="0.011">
    <system-out><![CDATA[============ No Cache Tests ============
Performance: repeated read 20 times = 2.111569 ms
Performance: bytes read total = 200000 bytes
]]></system-out>
  </testcase>
  <testcase name="testPerformanceFolderListingAndSizeRepeated" classname="com.dylanledermann.app.FileExplorerNoCacheTests" time="0.094">
    <system-out><![CDATA[Performance: listFolder 5 times = 26.915967 ms
Performance: getFolderSize 5 times = 21.544309 ms
]]></system-out>
  </testcase>
  <testcase name="testLargeDirectoryCacheStress" classname="com.dylanledermann.app.FileExplorerNoCacheTests" time="0.158">
    <system-out><![CDATA[Stress: first pass directory listings = 41.656173 ms
Stress: second pass directory listings = 33.542791 ms
]]></system-out>
  </testcase>
  <testcase name="testListFolderEmptyDirectory" classname="com.dylanledermann.app.FileExplorerNoCacheTests" time="0.002"/>
  <testcase name="testRepeatedCacheHitsAndSpeed" classname="com.dylanledermann.app.FileExplorerNoCacheTests" time="0.145">
    <system-out><![CDATA[Performance: listing first pass = 29.09376 ms
Performance: listing second pass = 32.724448 ms
Performance: file read first series = 3.923277 ms
Performance: file read second series = 3.540123 ms
]]></system-out>
  </testcase>
  <testcase name="testThreadedConcurrentFileReads" classname="com.dylanledermann.app.FileExplorerNoCacheTests" time="0.052">
    <system-out><![CDATA[Performance: threaded concurrent reads with 8 threads = 29.951038 ms
]]></system-out>
  </testcase>
  <testcase name="testDeleteTarget" classname="com.dylanledermann.app.FileExplorerNoCacheTests" time="0.005"/>
  <testcase name="testPerformanceFolderListingAndSize" classname="com.dylanledermann.app.FileExplorerNoCacheTests" time="0.028">
    <system-out><![CDATA[Performance: listFolder time = 4.59369 ms
Performance: getFolderSize time = 3.153337 ms
Performance: total storage = 102400 bytes
]]></system-out>
  </testcase>
  <testcase name="testGetFolderSize" classname="com.dylanledermann.app.FileExplorerNoCacheTests" time="0.006"/>
  <testcase name="testReadFileAndVerifyTarget" classname="com.dylanledermann.app.FileExplorerNoCacheTests" time="0.003"/>
  <testcase name="testDeepNestedFolderSizePerformance" classname="com.dylanledermann.app.FileExplorerNoCacheTests" time="0.019">
    <system-out><![CDATA[Stress: deep nested getFolderSize time = 3.465972 ms for depth 40
]]></system-out>
  </testcase>
</testsuite>